<?xml version="1.0" encoding="UTF-8"?>
<testng-results skipped="0" failed="1" ignored="0" total="1" passed="0">
  <reporter-output>
  </reporter-output>
  <suite name="Default Suite" duration-ms="45582" started-at="2021-01-04T04:29:35Z" finished-at="2021-01-04T04:30:20Z">
    <groups>
    </groups>
    <test name="CursoAppium" duration-ms="45582" started-at="2021-01-04T04:29:35Z" finished-at="2021-01-04T04:30:20Z">
      <class name="testSuites.EjecucionCasos">
        <test-method status="PASS" signature="iniciarSession()[pri:0, instance:testSuites.EjecucionCasos@6a472554]" name="iniciarSession" is-config="true" duration-ms="10223" started-at="2021-01-04T04:29:35Z" finished-at="2021-01-04T04:29:45Z">
          <reporter-output>
          </reporter-output>
        </test-method> <!-- iniciarSession -->
        <test-method status="FAIL" signature="test()[pri:0, instance:testSuites.EjecucionCasos@6a472554]" name="test" duration-ms="34523" started-at="2021-01-04T04:29:45Z" finished-at="2021-01-04T04:30:20Z">
          <exception class="java.lang.IndexOutOfBoundsException">
            <message>
              <![CDATA[Index: 5, Size: 5]]>
            </message>
            <full-stacktrace>
              <![CDATA[java.lang.IndexOutOfBoundsException: Index: 5, Size: 5
at java.util.ArrayList.rangeCheck(ArrayList.java:659)
at java.util.ArrayList.get(ArrayList.java:435)
at sun.reflect.NativeMethodAccessorImpl.invoke0(Native Method)
at sun.reflect.NativeMethodAccessorImpl.invoke(NativeMethodAccessorImpl.java:62)
at sun.reflect.DelegatingMethodAccessorImpl.invoke(DelegatingMethodAccessorImpl.java:43)
at java.lang.reflect.Method.invoke(Method.java:498)
at io.appium.java_client.pagefactory.ElementListInterceptor.getObject(ElementListInterceptor.java:40)
at io.appium.java_client.pagefactory.interceptors.InterceptorOfAListOfElements.intercept(InterceptorOfAListOfElements.java:49)
at $java.util.ArrayList$$EnhancerByCGLIB$$b5855c01.get(<generated>)
at pages.CarruselPage.validarCliente(CarruselPage.java:146)
at testClases.cliente.TestCaseUltimaClase.frontEnd(TestCarrusel.java:24)
at testSuites.EjecucionCasos.test(examplesDriver.java:27)
at sun.reflect.NativeMethodAccessorImpl.invoke0(Native Method)
at sun.reflect.NativeMethodAccessorImpl.invoke(NativeMethodAccessorImpl.java:62)
at sun.reflect.DelegatingMethodAccessorImpl.invoke(DelegatingMethodAccessorImpl.java:43)
at java.lang.reflect.Method.invoke(Method.java:498)
at org.testng.internal.MethodInvocationHelper.invokeMethod(MethodInvocationHelper.java:124)
at org.testng.internal.Invoker.invokeMethod(Invoker.java:583)
at org.testng.internal.Invoker.invokeTestMethod(Invoker.java:719)
at org.testng.internal.Invoker.invokeTestMethods(Invoker.java:989)
at org.testng.internal.TestMethodWorker.invokeTestMethods(TestMethodWorker.java:125)
at org.testng.internal.TestMethodWorker.run(TestMethodWorker.java:109)
at org.testng.TestRunner.privateRun(TestRunner.java:648)
at org.testng.TestRunner.run(TestRunner.java:505)
at org.testng.SuiteRunner.runTest(SuiteRunner.java:455)
at org.testng.SuiteRunner.runSequentially(SuiteRunner.java:450)
at org.testng.SuiteRunner.privateRun(SuiteRunner.java:415)
at org.testng.SuiteRunner.run(SuiteRunner.java:364)
at org.testng.SuiteRunnerWorker.runSuite(SuiteRunnerWorker.java:52)
at org.testng.SuiteRunnerWorker.run(SuiteRunnerWorker.java:84)
at org.testng.TestNG.runSuitesSequentially(TestNG.java:1208)
at org.testng.TestNG.runSuitesLocally(TestNG.java:1137)
at org.testng.TestNG.runSuites(TestNG.java:1049)
at org.testng.TestNG.run(TestNG.java:1017)
at com.intellij.rt.testng.IDEARemoteTestNG.run(IDEARemoteTestNG.java:66)
at com.intellij.rt.testng.RemoteTestNGStarter.main(RemoteTestNGStarter.java:109)
]]>
            </full-stacktrace>
          </exception> <!-- java.lang.IndexOutOfBoundsException -->
          <reporter-output>
          </reporter-output>
        </test-method> <!-- test -->
        <test-method status="PASS" signature="cerrarSession()[pri:0, instance:testSuites.EjecucionCasos@6a472554]" name="cerrarSession" is-config="true" duration-ms="631" started-at="2021-01-04T04:30:20Z" finished-at="2021-01-04T04:30:20Z">
          <reporter-output>
          </reporter-output>
        </test-method> <!-- cerrarSession -->
      </class> <!-- testSuites.EjecucionCasos -->
    </test> <!-- CursoAppium -->
  </suite> <!-- Default Suite -->
</testng-results>
